<?xml version="1.0" encoding="UTF-8"?>
<!-- Generated by org.testng.reporters.JUnitReportReporter -->
<testsuite hostname="Dell3542-PC" failures="0" tests="1" name="testNG.Testng1" time="53.597" errors="0" timestamp="2022-04-27T21:19:26 IST" skipped="0">
  <testcase classname="testNG.Testng1" name="TestGoogle" time="53.597"/>
  <system-out/>
</testsuite> <!-- testNG.Testng1 -->
