<?xml version="1.0" encoding="UTF-8"?>
<!-- Generated by org.testng.reporters.JUnitReportReporter -->
<testsuite hostname="Dell3542-PC" failures="0" tests="1" name="testNG.NewTest" time="17.696" errors="0" timestamp="2022-04-28T15:16:50 IST" skipped="0">
  <testcase classname="testNG.NewTest" name="OpenFaceBook" time="17.696"/>
  <system-out/>
</testsuite> <!-- testNG.NewTest -->
