<?xml version="1.0" encoding="UTF-8"?>
<!-- Generated by org.testng.reporters.JUnitReportReporter -->
<testsuite hostname="Dell3542-PC" failures="0" tests="1" name="Testclass" time="0.023" errors="0" timestamp="2022-03-24T19:59:29 IST" skipped="0">
  <testcase classname="Testclass" name="test" time="0.023"/>
  <system-out/>
</testsuite> <!-- Testclass -->
