<?xml version="1.0" encoding="UTF-8"?>
<!-- Generated by org.testng.reporters.JUnitReportReporter -->
<testsuite hostname="Dell3542-PC" failures="0" tests="2" name="testNG.FristTest" time="67.192" errors="0" timestamp="2022-04-13T20:03:32 IST" skipped="0">
  <testcase classname="testNG.FristTest" name="TestGoogle" time="28.902"/>
  <system-out/>
  <testcase classname="testNG.FristTest" name="TestFacebook" time="38.290"/>
  <system-out/>
</testsuite> <!-- testNG.FristTest -->
